<?xml version="1.0" encoding="UTF-8"?>
<testng-results skipped="0" failed="0" ignored="0" total="1" passed="1">
  <reporter-output>
  </reporter-output>
  <suite name="Default suite" duration-ms="11650" started-at="2020-05-13T14:01:36 EDT" finished-at="2020-05-13T14:01:48 EDT">
    <groups>
    </groups>
    <test name="Default test" duration-ms="11650" started-at="2020-05-13T14:01:36 EDT" finished-at="2020-05-13T14:01:48 EDT">
      <class name="testcases.ExecuteTest">
        <test-method status="PASS" signature="testLogin()[pri:0, instance:testcases.ExecuteTest@7d0587f1]" name="testLogin" duration-ms="10182" started-at="2020-05-13T14:01:36 EDT" finished-at="2020-05-13T14:01:47 EDT">
          <reporter-output>
          </reporter-output>
        </test-method> <!-- testLogin -->
        <test-method status="PASS" signature="end()[pri:0, instance:testcases.ExecuteTest@7d0587f1]" name="end" is-config="true" duration-ms="1435" started-at="2020-05-13T14:01:47 EDT" finished-at="2020-05-13T14:01:48 EDT">
          <reporter-output>
          </reporter-output>
        </test-method> <!-- end -->
      </class> <!-- testcases.ExecuteTest -->
    </test> <!-- Default test -->
  </suite> <!-- Default suite -->
</testng-results>
